Der Buildvorgang wurde am 17.03.2016 18:06:23 gestartet.
     1>Projekt "C:\Users\tj\Desktop\CGTutorial\CGTutorial.vcxproj" auf Knoten "2", Rebuild Ziel(e).
     1>InitializeBuildStatus:
         "Release\CGTutorial.tlog\unsuccessfulbuild" wird erstellt, da "AlwaysCreate" angegeben wurde.
       ClCompile:
         C:\Program Files (x86)\Microsoft Visual Studio 14.0\VC\bin\CL.exe /c /I"external\glfw-3.1.2" /I"external\glew-1.13.0" /I"external\glew-1.13.0" /I"external\glm-0.9.4.0" /nologo /W3 /WX- /MP /O2 /Ob2 /Oy- /D GLEW_STATIC /D WIN32 /D _WINDOWS /D NDEBUG /D TW_STATIC /D TW_NO_LIB_PRAGMA /D TW_NO_DIRECT3D /D _CRT_SECURE_NO_WARNINGS /D "CMAKE_INTDIR=\"Release\"" /D _MBCS /Gm- /EHsc /MD /GS /fp:precise /Zc:wchar_t /Zc:forScope /Zc:inline /GR /Fo"Release\\" /Fd"Release\vc140.pdb" /Gd /TP /analyze- /errorReport:prompt CGTutorial.cpp objects.cpp objloader.cpp shader.cpp
         CGTutorial.cpp
         objects.cpp
         objloader.cpp
         shader.cpp
     1>objects.cpp(189): warning C4018: "<=": Konflikt zwischen "signed" und "unsigned"
     1>objects.cpp(199): warning C4018: "<=": Konflikt zwischen "signed" und "unsigned"
         C:\Program Files (x86)\Microsoft Visual Studio 14.0\VC\bin\CL.exe /c /I"external\glfw-3.1.2\include" /I"external\glew-1.13.0" /I"external\glm-0.9.4.0" /I"external\glfw-3.1.2" /I"external\glew-1.13.0" /I"external\glew-1.13.0" /I"external\glm-0.9.4.0" /nologo /W3 /WX- /MP /O2 /Ob2 /Oy- /D GLEW_STATIC /D WIN32 /D _WINDOWS /D NDEBUG /D TW_STATIC /D TW_NO_LIB_PRAGMA /D TW_NO_DIRECT3D /D _CRT_SECURE_NO_WARNINGS /D "CMAKE_INTDIR=\"Release\"" /D _MBCS /Gm- /EHsc /MD /GS /fp:precise /Zc:wchar_t /Zc:forScope /Zc:inline /GR /Fo"Release\\" /Fd"Release\vc140.pdb" /Gd /TP /analyze- /errorReport:prompt texture.cpp
         texture.cpp
       Link:
         C:\Program Files (x86)\Microsoft Visual Studio 14.0\VC\bin\link.exe /ERRORREPORT:PROMPT /OUT:"Release\CGTutorial.exe" /INCREMENTAL:NO /NOLOGO kernel32.lib user32.lib gdi32.lib winspool.lib shell32.lib ole32.lib oleaut32.lib uuid.lib comdlg32.lib advapi32.lib glu32.lib opengl32.lib external\glfw3.lib external\glew32s.lib /MANIFEST /MANIFESTUAC:"level='asInvoker' uiAccess='false'" /manifest:embed /PDB:"Release/CGTutorial.pdb" /SUBSYSTEM:CONSOLE /TLBID:1 /DYNAMICBASE /NXCOMPAT /IMPLIB:"Release/CGTutorial.lib" /MACHINE:X86 /SAFESEH  /machine:X86 Release\CGTutorial.obj
         Release\objects.obj
         Release\objloader.obj
         Release\shader.obj
         Release\texture.obj
     1>LINK : warning LNK4098: Standardbibliothek "LIBCMT" steht in Konflikt mit anderen Bibliotheken; /NODEFAULTLIB:Bibliothek verwenden.
         CGTutorial.vcxproj -> C:\Users\tj\Desktop\CGTutorial\Release\CGTutorial.exe
       FinalizeBuildStatus:
         Die Datei "Release\CGTutorial.tlog\unsuccessfulbuild" wird gelöscht.
         Aktualisieren des Timestamps von "Release\CGTutorial.tlog\CGTutorial.lastbuildstate".
     1>Die Erstellung von Projekt "C:\Users\tj\Desktop\CGTutorial\CGTutorial.vcxproj" ist abgeschlossen (Rebuild Ziel(e)).

Der Buildvorgang wurde erfolgreich ausgeführt.

Verstrichene Zeit 00:00:02.62
